<?xml version="1.0" encoding="UTF-8"?>
<testsuite name="com.bridgelabz.test.CabInvoiceServiceTest" tests="4" skipped="0" failures="0" errors="0" timestamp="2021-07-13T13:53:04" hostname="DESKTOP-QB7MQ3O" time="0.064">
  <properties/>
  <testcase name="givenMultipleRides_shouldReturnInvoiceSummary()" classname="com.bridgelabz.test.CabInvoiceServiceTest" time="0.044"/>
  <testcase name="givenDistanceAndTime_shouldReturn_totalFare()" classname="com.bridgelabz.test.CabInvoiceServiceTest" time="0.002"/>
  <testcase name="givenUserIdAndRide_shouldReturnInvoiceSummary()" classname="com.bridgelabz.test.CabInvoiceServiceTest" time="0.009"/>
  <testcase name="givenLessDistanceAndTime_shouldReturnMinFare()" classname="com.bridgelabz.test.CabInvoiceServiceTest" time="0.004"/>
  <system-out><![CDATA[com.bridgelabz.main.RideRepository@21a7b17a
]]></system-out>
  <system-err><![CDATA[]]></system-err>
</testsuite>
