<?xml version="1.0" encoding="UTF-8"?>
<testsuite name="com.bridgelabz.test.CabInvoiceServiceTest" tests="1" skipped="0" failures="0" errors="0" timestamp="2021-07-13T13:08:47" hostname="DESKTOP-QB7MQ3O" time="0.038">
  <properties/>
  <testcase name="givenMultipleRides_shouldReturnInvoiceSummary()" classname="com.bridgelabz.test.CabInvoiceServiceTest" time="0.038"/>
  <system-out><![CDATA[]]></system-out>
  <system-err><![CDATA[]]></system-err>
</testsuite>
