<?xml version="1.0" encoding="UTF-8"?>
<testsuite name="com.bridgelabz.test.CabInvoiceServiceTest" tests="2" skipped="0" failures="0" errors="0" timestamp="2021-07-13T12:51:13" hostname="DESKTOP-QB7MQ3O" time="0.054">
  <properties/>
  <testcase name="givenDistanceAndTime_shouldReturn_totalFare()" classname="com.bridgelabz.test.CabInvoiceServiceTest" time="0.048"/>
  <testcase name="givenLessDistanceAndTime_shouldReturnMinFare()" classname="com.bridgelabz.test.CabInvoiceServiceTest" time="0.004"/>
  <system-out><![CDATA[]]></system-out>
  <system-err><![CDATA[]]></system-err>
</testsuite>
